{"numFailedTestSuites":1,"numFailedTests":0,"numPassedTestSuites":0,"numPassedTests":0,"numPendingTestSuites":0,"numPendingTests":0,"numRuntimeErrorTestSuites":1,"numTodoTests":0,"numTotalTestSuites":1,"numTotalTests":0,"openHandles":[],"snapshot":{"added":0,"didUpdate":false,"failure":false,"filesAdded":0,"filesRemoved":0,"filesRemovedList":[],"filesUnmatched":0,"filesUpdated":0,"matched":0,"total":0,"unchecked":0,"uncheckedKeysByFile":[],"unmatched":0,"updated":0},"startTime":1771748179879,"success":false,"testResults":[{"assertionResults":[],"coverage":{},"endTime":1771748180764,"message":"  \u001b[1m● \u001b[22mTest suite failed to run\n\n    Vitest cannot be imported in a CommonJS module using require(). Please use \"import\" instead.\n\n    If you are using \"import\" in your source code, then it's possible it was bundled into require() automatically by your bundler. In that case, do not bundle CommonJS output since it will never work with Vitest, or use dynamic import() which is available in all CommonJS modules.\n\n    \u001b[0m \u001b[90m  5 |\u001b[39m \u001b[36mimport\u001b[39m \u001b[33m*\u001b[39m \u001b[36mas\u001b[39m customizerActions \u001b[36mfrom\u001b[39m \u001b[32m'@/store/customizer/CustomizerSlice'\u001b[39m\n     \u001b[90m  6 |\u001b[39m\n    \u001b[31m\u001b[1m>\u001b[22m\u001b[39m\u001b[90m  7 |\u001b[39m \u001b[90m// Mocks\u001b[39m\n     \u001b[90m    |\u001b[39m                 \u001b[31m\u001b[1m^\u001b[22m\u001b[39m\n     \u001b[90m  8 |\u001b[39m \u001b[90m// Mock Child Components\u001b[39m\n     \u001b[90m  9 |\u001b[39m vi\u001b[33m.\u001b[39mmock(\u001b[32m'./SidebarItems'\u001b[39m\u001b[33m,\u001b[39m () \u001b[33m=>\u001b[39m ({ \u001b[36mdefault\u001b[39m\u001b[33m:\u001b[39m () \u001b[33m=>\u001b[39m \u001b[33m<\u001b[39m\u001b[33mdiv\u001b[39m data\u001b[33m-\u001b[39mtestid\u001b[33m=\u001b[39m\u001b[32m\"sidebar-items-mock\"\u001b[39m\u001b[33m>\u001b[39m\u001b[33mSidebarItems\u001b[39m\u001b[33m<\u001b[39m\u001b[33m/\u001b[39m\u001b[33mdiv\u001b[39m\u001b[33m>\u001b[39m }))\n     \u001b[90m 10 |\u001b[39m vi\u001b[33m.\u001b[39mmock(\u001b[32m'@/app/(Uygulama)/components/Layout/Shared/Logo/Logo'\u001b[39m\u001b[33m,\u001b[39m () \u001b[33m=>\u001b[39m ({ \u001b[36mdefault\u001b[39m\u001b[33m:\u001b[39m () \u001b[33m=>\u001b[39m \u001b[33m<\u001b[39m\u001b[33mdiv\u001b[39m data\u001b[33m-\u001b[39mtestid\u001b[33m=\u001b[39m\u001b[32m\"logo-mock\"\u001b[39m\u001b[33m>\u001b[39m\u001b[33mLogo\u001b[39m\u001b[33m<\u001b[39m\u001b[33m/\u001b[39m\u001b[33mdiv\u001b[39m\u001b[33m>\u001b[39m }))\u001b[0m\n\n      \u001b[2mat Object.<anonymous> (\u001b[22mnode_modules/vitest/index.cjs\u001b[2m:1:109)\u001b[22m\n      \u001b[2mat Object.<anonymous> (C:\\Users\\lenov\\source\\repos\\dev2ninovasyon\\FasWebUI\\src\\app\\(Uygulama)\u001b[22m../../../../../../components/Layout/Vertical/Sidebar/Sidebar.test.tsx\u001b[2m:7:17)\u001b[22m\n","name":"C:\\Users\\lenov\\source\\repos\\dev2ninovasyon\\FasWebUI\\src\\app\\(Uygulama)\\components\\Layout\\Vertical\\Sidebar\\Sidebar.test.tsx","startTime":1771748180764,"status":"failed","summary":""}],"wasInterrupted":false}
